2025-04-25 02:08:24,825 - root - INFO - InkLink server listening on 0.0.0.0:9999
2025-04-25 02:08:24,835 - root - ERROR - Authentication check failed: [Errno 8] Exec format error: '/home/ryan/Projects/rmapi/rmapi'
2025-04-25 02:08:24,835 - root - ERROR - Please run `inklink auth` to authenticate with reMarkable cloud before sharing content.
2025-04-25 02:10:12,526 - root - INFO - InkLink server listening on 0.0.0.0:9999
2025-04-25 02:10:12,531 - root - ERROR - Authentication check failed: [Errno 8] Exec format error: '/home/ryan/Projects/rmapi/rmapi'
2025-04-25 02:10:12,531 - root - ERROR - Please run `inklink auth` to authenticate with reMarkable cloud before sharing content.
2025-04-25 16:07:36,577 - root - INFO - InkLink server listening on 127.0.0.1:9999
2025-04-25 16:07:36,577 - root - ERROR - Authentication check failed: [Errno 2] No such file or directory: '/usr/local/bin/rmapi'
2025-04-25 16:07:36,577 - root - ERROR - Please run `inklink auth` to authenticate before sharing content.
2025-04-25 16:10:15,112 - root - INFO - InkLink server listening on 127.0.0.1:9999
2025-04-25 16:11:38,988 - root - INFO - InkLink server listening on 127.0.0.1:9999
2025-04-25 16:11:39,757 - root - INFO - Processing URL: http://example.com
2025-04-25 16:11:39,768 - root - INFO - Generated QR code: qr_-2238458421409153381.png
2025-04-25 16:11:39,900 - inklink.services.web_scraper_service - INFO - Scraping URL: http://example.com
2025-04-25 16:11:40,044 - inklink.services.document_service - INFO - Creating HCL document for: Example Domain
2025-04-25 16:11:40,045 - inklink.services.document_service - INFO - Created HCL file: /home/ryan/Projects/remarkable-ink-link/src/temp/doc_-2238458421409153381_1745622700.hcl
2025-04-25 16:11:40,045 - inklink.services.document_service - INFO - HCL preview (first 200 chars): puts "size 2160 1620"

puts "set_font Liberation Sans 36"
puts "pen black"

puts "text 120 120 \"Example Domain\""
puts "set_font Liberation Sans 20"
puts "text 120 160 \"Source: http://example.com\""
2025-04-25 16:11:40,045 - inklink.services.document_service - INFO - Starting conversion from /home/ryan/Projects/remarkable-ink-link/src/temp/doc_-2238458421409153381_1745622700.hcl to /home/ryan/Projects/remarkable-ink-link/src/temp/rm_-2238458421409153381_1745622700.rm
2025-04-25 16:11:40,045 - inklink.services.document_service - INFO - Conversion command: /usr/local/bin/drawj2d -Trmdoc -o /home/ryan/Projects/remarkable-ink-link/src/temp/rm_-2238458421409153381_1745622700.rm /home/ryan/Projects/remarkable-ink-link/src/temp/doc_-2238458421409153381_1745622700.hcl
2025-04-25 16:11:40,046 - inklink.services.document_service - ERROR - Conversion error: [Errno 2] No such file or directory: '/usr/local/bin/drawj2d'
2025-04-25 16:11:40,061 - root - INFO - Processing URL: https://example.com/article
2025-04-25 16:11:40,066 - root - INFO - Generated QR code: qr_1344643699163929176.png
2025-04-25 16:11:40,449 - inklink.services.web_scraper_service - INFO - Scraping URL: https://example.com/article
2025-04-25 16:11:41,290 - inklink.services.web_scraper_service - ERROR - Failed to fetch URL https://example.com/article: 404 Client Error: Not Found for url: https://example.com/article
2025-04-25 16:11:41,291 - inklink.services.document_service - INFO - Creating HCL document for: https://example.com/article
2025-04-25 16:11:41,291 - inklink.services.document_service - INFO - Created HCL file: /home/ryan/Projects/remarkable-ink-link/src/temp/doc_1344643699163929176_1745622701.hcl
2025-04-25 16:11:41,292 - inklink.services.document_service - INFO - HCL preview (first 200 chars): puts "size 2160 1620"

puts "set_font Liberation Sans 36"
puts "pen black"

puts "text 120 120 \"https://example.com/article\""
puts "set_font Liberation Sans 20"
puts "text 120 160 \"Source: https://
2025-04-25 16:11:41,292 - inklink.services.document_service - INFO - Starting conversion from /home/ryan/Projects/remarkable-ink-link/src/temp/doc_1344643699163929176_1745622701.hcl to /home/ryan/Projects/remarkable-ink-link/src/temp/rm_1344643699163929176_1745622701.rm
2025-04-25 16:11:41,292 - inklink.services.document_service - INFO - Conversion command: /usr/local/bin/drawj2d -Trmdoc -o /home/ryan/Projects/remarkable-ink-link/src/temp/rm_1344643699163929176_1745622701.rm /home/ryan/Projects/remarkable-ink-link/src/temp/doc_1344643699163929176_1745622701.hcl
2025-04-25 16:11:41,292 - inklink.services.document_service - ERROR - Conversion error: [Errno 2] No such file or directory: '/usr/local/bin/drawj2d'
